[    0.000000] Initializing cgroup subsys cpuset
[    0.000000] Initializing cgroup subsys cpu
[    0.000000] Initializing cgroup subsys cpuacct
[    0.000000] Linux version 4.4.0-124-generic (buildd@lcy01-amd64-028) (gcc version 5.4.0 20160609 (Ubuntu 5.4.0-6ubuntu1~16.04.9) ) #148-Ubuntu SMP Wed May 2 13:00:18 UTC 2018 (Ubuntu 4.4.0-124.148-generic 4.4.117)
[    0.000000] Command line: BOOT_IMAGE=/boot/vmlinuz-4.4.0-124-generic root=LABEL=cloudimg-rootfs ro console=tty1 console=ttyS0
[    0.000000] KERNEL supported cpus:
[    0.000000]   Intel GenuineIntel
[    0.000000]   AMD AuthenticAMD
[    0.000000]   Centaur CentaurHauls
[    0.000000] x86/fpu: xstate_offset[2]:  576, xstate_sizes[2]:  256
[    0.000000] x86/fpu: Supporting XSAVE feature 0x01: 'x87 floating point registers'
[    0.000000] x86/fpu: Supporting XSAVE feature 0x02: 'SSE registers'
[    0.000000] x86/fpu: Supporting XSAVE feature 0x04: 'AVX registers'
[    0.000000] x86/fpu: Enabled xstate features 0x7, context size is 832 bytes, using 'standard' format.
[    0.000000] x86/fpu: Using 'lazy' FPU context switches.
[    0.000000] e820: BIOS-provided physical RAM map:
[    0.000000] BIOS-e820: [mem 0x0000000000000000-0x000000000009fbff] usable
[    0.000000] BIOS-e820: [mem 0x000000000009fc00-0x000000000009ffff] reserved
[    0.000000] BIOS-e820: [mem 0x00000000000f0000-0x00000000000fffff] reserved
[    0.000000] BIOS-e820: [mem 0x0000000000100000-0x000000001ffeffff] usable
[    0.000000] BIOS-e820: [mem 0x000000001fff0000-0x000000001fffffff] ACPI data
[    0.000000] BIOS-e820: [mem 0x00000000fec00000-0x00000000fec00fff] reserved
[    0.000000] BIOS-e820: [mem 0x00000000fee00000-0x00000000fee00fff] reserved
[    0.000000] BIOS-e820: [mem 0x00000000fffc0000-0x00000000ffffffff] reserved
[    0.000000] NX (Execute Disable) protection: active
[    0.000000] SMBIOS 2.5 present.
[    0.000000] Hypervisor detected: KVM
[    0.000000] e820: last_pfn = 0x1fff0 max_arch_pfn = 0x400000000
[    0.000000] MTRR: Disabled
[    0.000000] x86/PAT: MTRRs disabled, skipping PAT initialization too.
[    0.000000] CPU MTRRs all blank - virtualized system.
[    0.000000] x86/PAT: Configuration [0-7]: WB  WT  UC- UC  WB  WT  UC- UC  
[    0.000000] found SMP MP-table at [mem 0x0009fff0-0x0009ffff] mapped at [ffff88000009fff0]
[    0.000000] Scanning 1 areas for low memory corruption
[    0.000000] RAMDISK: [mem 0x1ed56000-0x1f7f7fff]
[    0.000000] ACPI: Early table checksum verification disabled
[    0.000000] ACPI: RSDP 0x00000000000E0000 000024 (v02 VBOX  )
[    0.000000] ACPI: XSDT 0x000000001FFF0030 00003C (v01 VBOX   VBOXXSDT 00000001 ASL  00000061)
[    0.000000] ACPI: FACP 0x000000001FFF00F0 0000F4 (v04 VBOX   VBOXFACP 00000001 ASL  00000061)
[    0.000000] ACPI: DSDT 0x000000001FFF0470 0022EA (v02 VBOX   VBOXBIOS 00000002 INTL 20100528)
[    0.000000] ACPI: FACS 0x000000001FFF0200 000040
[    0.000000] ACPI: FACS 0x000000001FFF0200 000040
[    0.000000] ACPI: APIC 0x000000001FFF0240 00005C (v02 VBOX   VBOXAPIC 00000001 ASL  00000061)
[    0.000000] ACPI: SSDT 0x000000001FFF02A0 0001CC (v01 VBOX   VBOXCPUT 00000002 INTL 20100528)
[    0.000000] No NUMA configuration found
[    0.000000] Faking a node at [mem 0x0000000000000000-0x000000001ffeffff]
[    0.000000] NODE_DATA(0) allocated [mem 0x1ffeb000-0x1ffeffff]
[    0.000000] kvm-clock: Using msrs 4b564d01 and 4b564d00
[    0.000000] kvm-clock: cpu 0, msr 0:1ffe3001, primary cpu clock
[    0.000000] kvm-clock: using sched offset of 4491533643 cycles
[    0.000000] clocksource: kvm-clock: mask: 0xffffffffffffffff max_cycles: 0x1cd42e4dffb, max_idle_ns: 881590591483 ns
[    0.000000] Zone ranges:
[    0.000000]   DMA      [mem 0x0000000000001000-0x0000000000ffffff]
[    0.000000]   DMA32    [mem 0x0000000001000000-0x000000001ffeffff]
[    0.000000]   Normal   empty
[    0.000000]   Device   empty
[    0.000000] Movable zone start for each node
[    0.000000] Early memory node ranges
[    0.000000]   node   0: [mem 0x0000000000001000-0x000000000009efff]
[    0.000000]   node   0: [mem 0x0000000000100000-0x000000001ffeffff]
[    0.000000] Initmem setup node 0 [mem 0x0000000000001000-0x000000001ffeffff]
[    0.000000] ACPI: PM-Timer IO Port: 0x4008
[    0.000000] IOAPIC[0]: apic_id 2, version 32, address 0xfec00000, GSI 0-23
[    0.000000] ACPI: INT_SRC_OVR (bus 0 bus_irq 0 global_irq 2 dfl dfl)
[    0.000000] ACPI: INT_SRC_OVR (bus 0 bus_irq 9 global_irq 9 low level)
[    0.000000] Using ACPI (MADT) for SMP configuration information
[    0.000000] smpboot: Allowing 2 CPUs, 0 hotplug CPUs
[    0.000000] PM: Registered nosave memory: [mem 0x00000000-0x00000fff]
[    0.000000] PM: Registered nosave memory: [mem 0x0009f000-0x0009ffff]
[    0.000000] PM: Registered nosave memory: [mem 0x000a0000-0x000effff]
[    0.000000] PM: Registered nosave memory: [mem 0x000f0000-0x000fffff]
[    0.000000] e820: [mem 0x20000000-0xfebfffff] available for PCI devices
[    0.000000] Booting paravirtualized kernel on KVM
[    0.000000] clocksource: refined-jiffies: mask: 0xffffffff max_cycles: 0xffffffff, max_idle_ns: 7645519600211568 ns
[    0.000000] setup_percpu: NR_CPUS:512 nr_cpumask_bits:512 nr_cpu_ids:2 nr_node_ids:1
[    0.000000] PERCPU: Embedded 34 pages/cpu @ffff88001fc00000 s99544 r8192 d31528 u1048576
[    0.000000] PV qspinlock hash table entries: 256 (order: 0, 4096 bytes)
[    0.000000] Built 1 zonelists in Node order, mobility grouping on.  Total pages: 128888
[    0.000000] Policy zone: DMA32
[    0.000000] Kernel command line: BOOT_IMAGE=/boot/vmlinuz-4.4.0-124-generic root=LABEL=cloudimg-rootfs ro console=tty1 console=ttyS0
[    0.000000] PID hash table entries: 2048 (order: 2, 16384 bytes)
[    0.000000] Memory: 485556K/523832K available (8532K kernel code, 1313K rwdata, 3996K rodata, 1508K init, 1316K bss, 38276K reserved, 0K cma-reserved)
[    0.000000] SLUB: HWalign=64, Order=0-3, MinObjects=0, CPUs=2, Nodes=1
[    0.000000] Kernel/User page tables isolation: enabled
[    0.000000] Hierarchical RCU implementation.
[    0.000000] 	Build-time adjustment of leaf fanout to 64.
[    0.000000] 	RCU restricting CPUs from NR_CPUS=512 to nr_cpu_ids=2.
[    0.000000] RCU: Adjusting geometry for rcu_fanout_leaf=64, nr_cpu_ids=2
[    0.000000] NR_IRQS:33024 nr_irqs:440 16
[    0.000000] Console: colour VGA+ 80x25
[    0.000000] console [tty1] enabled
[    0.000000] console [ttyS0] enabled
[    0.000000] tsc: Detected 3792.008 MHz processor
[    0.297486] Calibrating delay loop (skipped) preset value.. 7584.01 BogoMIPS (lpj=15168032)
[    0.300843] pid_max: default: 32768 minimum: 301
[    0.301839] ACPI: Core revision 20150930
[    0.309679] ACPI: 2 ACPI AML tables successfully acquired and loaded
[    0.317917] Security Framework initialized
[    0.321541] Yama: becoming mindful.
[    0.322225] AppArmor: AppArmor initialized
[    0.323007] Dentry cache hash table entries: 65536 (order: 7, 524288 bytes)
[    0.327908] Inode-cache hash table entries: 32768 (order: 6, 262144 bytes)
[    0.333187] Mount-cache hash table entries: 1024 (order: 1, 8192 bytes)
[    0.334926] Mountpoint-cache hash table entries: 1024 (order: 1, 8192 bytes)
[    0.338424] Initializing cgroup subsys io
[    0.341069] Initializing cgroup subsys memory
[    0.343660] Initializing cgroup subsys devices
[    0.344973] Initializing cgroup subsys freezer
[    0.347995] Initializing cgroup subsys net_cls
[    0.349335] Initializing cgroup subsys perf_event
[    0.351524] Initializing cgroup subsys net_prio
[    0.353350] Initializing cgroup subsys hugetlb
[    0.358688] Initializing cgroup subsys pids
[    0.361014] CPU: Physical Processor ID: 0
[    0.362312] CPU: Processor Core ID: 0
[    0.364439] FEATURE SPEC_CTRL Not Present
[    0.366554] mce: CPU supports 0 MCE banks
[    0.368169] Last level iTLB entries: 4KB 128, 2MB 8, 4MB 8
[    0.371663] Last level dTLB entries: 4KB 64, 2MB 0, 4MB 0, 1GB 4
[    0.373207] Spectre V2 mitigation: Mitigation: Full generic retpoline
[    0.376420] Spectre V2 mitigation: Speculation control IBPB not-supported IBRS not-supported
[    0.380348] Spectre V2 mitigation: Filling RSB on context switch
[    0.390740] Freeing SMP alternatives memory: 32K
[    0.400804] ftrace: allocating 32202 entries in 126 pages
[    0.459609] smpboot: APIC(0) Converting physical 0 to logical package 0
[    0.461930] smpboot: Max logical packages: 1
[    0.464355] x2apic enabled
[    0.466936] Switched APIC routing to physical x2apic.
[    0.470302] ..TIMER: vector=0x30 apic1=0 pin1=2 apic2=-1 pin2=-1
[    0.584816] smpboot: CPU0: Intel(R) Core(TM) i5-7600K CPU @ 3.80GHz (family: 0x6, model: 0x9e, stepping: 0x9)
[    0.591520] Performance Events: unsupported p6 CPU model 158 no PMU driver, software events only.
[    0.596124] KVM setup paravirtual spinlock
[    0.598206] x86: Booting SMP configuration:
[    0.601860] .... node  #0, CPUs:      #1
[    0.605328] kvm-clock: cpu 1, msr 0:1ffe3041, secondary cpu clock
[    0.609060] mce: CPU supports 0 MCE banks
[    0.617569] x86: Booted up 1 node, 2 CPUs
[    0.619313] smpboot: Total of 2 processors activated (15168.03 BogoMIPS)
[    0.628295] devtmpfs: initialized
[    0.631201] evm: security.selinux
[    0.632219] evm: security.SMACK64
[    0.643975] evm: security.SMACK64EXEC
[    0.645087] evm: security.SMACK64TRANSMUTE
[    0.649517] evm: security.SMACK64MMAP
[    0.651062] evm: security.ima
[    0.654061] evm: security.capability
[    0.655123] clocksource: jiffies: mask: 0xffffffff max_cycles: 0xffffffff, max_idle_ns: 7645041785100000 ns
[    0.657683] futex hash table entries: 512 (order: 3, 32768 bytes)
[    0.663097] pinctrl core: initialized pinctrl subsystem
[    0.664600] RTC time: 17:51:05, date: 01/25/19
[    0.671662] NET: Registered protocol family 16
[    0.682392] cpuidle: using governor ladder
[    0.693608] cpuidle: using governor menu
[    0.698616] PCCT header not found.
[    0.702852] ACPI: bus type PCI registered
[    0.707853] acpiphp: ACPI Hot Plug PCI Controller Driver version: 0.5
[    0.712788] PCI: Using configuration type 1 for base access
[    0.736137] ACPI: Added _OSI(Module Device)
[    0.742582] ACPI: Added _OSI(Processor Device)
[    0.748739] ACPI: Added _OSI(3.0 _SCP Extensions)
[    0.751945] ACPI: Added _OSI(Processor Aggregator Device)
[    0.754547] ACPI: Executed 1 blocks of module-level executable AML code
[    0.763463] ACPI: Interpreter enabled
[    0.765011] ACPI: (supports S0 S5)
[    0.767202] ACPI: Using IOAPIC for interrupt routing
[    0.768954] PCI: Using host bridge windows from ACPI; if necessary, use "pci=nocrs" and report a bug
[    0.777452] ACPI: PCI Root Bridge [PCI0] (domain 0000 [bus 00-ff])
[    0.779346] acpi PNP0A03:00: _OSC: OS supports [ASPM ClockPM Segments MSI]
[    0.782665] acpi PNP0A03:00: _OSC: not requesting OS control; OS requires [ExtendedConfig ASPM ClockPM MSI]
[    0.789149] acpi PNP0A03:00: fail to add MMCONFIG information, can't access extended PCI configuration space under this bridge.
[    0.793174] PCI host bridge to bus 0000:00
[    0.795518] pci_bus 0000:00: root bus resource [io  0x0000-0x0cf7 window]
[    0.797325] pci_bus 0000:00: root bus resource [io  0x0d00-0xffff window]
[    0.801492] pci_bus 0000:00: root bus resource [mem 0x000a0000-0x000bffff window]
[    0.807557] pci_bus 0000:00: root bus resource [mem 0x20000000-0xfdffffff window]
[    0.811840] pci_bus 0000:00: root bus resource [bus 00-ff]
[    0.816598] pci 0000:00:01.1: legacy IDE quirk: reg 0x10: [io  0x01f0-0x01f7]
[    0.820350] pci 0000:00:01.1: legacy IDE quirk: reg 0x14: [io  0x03f6]
[    0.831842] pci 0000:00:01.1: legacy IDE quirk: reg 0x18: [io  0x0170-0x0177]
[    0.842612] pci 0000:00:01.1: legacy IDE quirk: reg 0x1c: [io  0x0376]
[    0.878152] pci 0000:00:07.0: quirk: [io  0x4000-0x403f] claimed by PIIX4 ACPI
[    0.880689] pci 0000:00:07.0: quirk: [io  0x4100-0x410f] claimed by PIIX4 SMB
[    0.906881] ACPI: PCI Interrupt Link [LNKA] (IRQs 5 9 10 *11)
[    0.910391] ACPI: PCI Interrupt Link [LNKB] (IRQs 5 9 *10 11)
[    0.913207] ACPI: PCI Interrupt Link [LNKC] (IRQs 5 *9 10 11)
[    0.917450] ACPI: PCI Interrupt Link [LNKD] (IRQs 5 9 10 *11)
[    0.921306] ACPI: Enabled 2 GPEs in block 00 to 07
[    0.925530] vgaarb: setting as boot device: PCI:0000:00:02.0
[    0.935670] vgaarb: device added: PCI:0000:00:02.0,decodes=io+mem,owns=io+mem,locks=none
[    0.948221] vgaarb: loaded
[    0.950653] vgaarb: bridge control possible 0000:00:02.0
[    0.952344] SCSI subsystem initialized
[    0.957192] ACPI: bus type USB registered
[    0.959308] usbcore: registered new interface driver usbfs
[    0.960365] usbcore: registered new interface driver hub
[    0.963007] usbcore: registered new device driver usb
[    0.965779] PCI: Using ACPI for IRQ routing
[    0.968549] NetLabel: Initializing
[    0.971283] NetLabel:  domain hash size = 128
[    0.974464] NetLabel:  protocols = UNLABELED CIPSOv4
[    0.987271] NetLabel:  unlabeled traffic allowed by default
[    0.989172] amd_nb: Cannot enumerate AMD northbridges
[    0.992370] clocksource: Switched to clocksource kvm-clock
[    1.006626] AppArmor: AppArmor Filesystem Enabled
[    1.008878] pnp: PnP ACPI init
[    1.011238] pnp: PnP ACPI: found 3 devices
[    1.068852] clocksource: acpi_pm: mask: 0xffffff max_cycles: 0xffffff, max_idle_ns: 2085701024 ns
[    1.071655] NET: Registered protocol family 2
[    1.072878] TCP established hash table entries: 4096 (order: 3, 32768 bytes)
[    1.075596] TCP bind hash table entries: 4096 (order: 4, 65536 bytes)
[    1.078110] TCP: Hash tables configured (established 4096 bind 4096)
[    1.085565] UDP hash table entries: 256 (order: 1, 8192 bytes)
[    1.097220] UDP-Lite hash table entries: 256 (order: 1, 8192 bytes)
[    1.101109] NET: Registered protocol family 1
[    1.105969] pci 0000:00:00.0: Limiting direct PCI/PCI transfers
[    1.108420] pci 0000:00:01.0: Activating ISA DMA hang workarounds
[    1.118263] Unpacking initramfs...
[    3.252155] Freeing initrd memory: 10888K
[    3.255958] platform rtc_cmos: registered platform RTC device (no PNP device found)
[    3.261616] Scanning for low memory corruption every 60 seconds
[    3.265303] audit: initializing netlink subsys (disabled)
[    3.268978] audit: type=2000 audit(1548438672.772:1): initialized
[    3.271265] Initialise system trusted keyring
[    3.276865] HugeTLB registered 2 MB page size, pre-allocated 0 pages
[    3.279842] zbud: loaded
[    3.281854] VFS: Disk quotas dquot_6.6.0
[    3.285532] VFS: Dquot-cache hash table entries: 512 (order 0, 4096 bytes)
[    3.288426] squashfs: version 4.0 (2009/01/31) Phillip Lougher
[    3.295131] fuse init (API version 7.23)
[    3.301174] Key type big_key registered
[    3.302031] Allocating IMA MOK and blacklist keyrings.
[    3.310456] Key type asymmetric registered
[    3.311665] Asymmetric key parser 'x509' registered
[    3.313751] Block layer SCSI generic (bsg) driver version 0.4 loaded (major 249)
[    3.316188] io scheduler noop registered
[    3.318790] io scheduler deadline registered (default)
[    3.321684] io scheduler cfq registered
[    3.323019] pci_hotplug: PCI Hot Plug PCI Core version: 0.5
[    3.329262] pciehp: PCI Express Hot Plug Controller Driver version: 0.4
[    3.330970] ACPI: AC Adapter [AC] (on-line)
[    3.333401] input: Power Button as /devices/LNXSYSTM:00/LNXPWRBN:00/input/input0
[    3.336409] ACPI: Power Button [PWRF]
[    3.337653] input: Sleep Button as /devices/LNXSYSTM:00/LNXSLPBN:00/input/input1
[    3.340507] ACPI: Sleep Button [SLPF]
[    3.345749] GHES: HEST is not enabled!
[    3.352573] Serial: 8250/16550 driver, 32 ports, IRQ sharing enabled
./0123456789:;<=>ðñòóôõö÷øùúûüýþÿ[    3.378635] 00:02: ttyS0 at I/O 0x3f8 (irq = 4, base_baud = 115200) is a 16550A
[    3.382296] Linux agpgart interface v0.103
[    3.390941] loop: module loaded
[    3.395445] scsi host0: ata_piix
[    3.401808] scsi host1: ata_piix
[    3.408708] ata1: PATA max UDMA/33 cmd 0x1f0 ctl 0x3f6 bmdma 0xd000 irq 14
[    3.412174] ata2: PATA max UDMA/33 cmd 0x170 ctl 0x376 bmdma 0xd008 irq 15
[    3.417584] libphy: Fixed MDIO Bus: probed
[    3.420119] tun: Universal TUN/TAP device driver, 1.6
[    3.425196] tun: (C) 1999-2004 Max Krasnyansky <maxk@qualcomm.com>
[    3.429628] PPP generic driver version 2.4.2
[    3.431922] ehci_hcd: USB 2.0 'Enhanced' Host Controller (EHCI) Driver
[    3.435704] ehci-pci: EHCI PCI platform driver
[    3.436931] ehci-platform: EHCI generic platform driver
[    3.439287] ohci_hcd: USB 1.1 'Open' Host Controller (OHCI) Driver
[    3.441530] ohci-pci: OHCI PCI platform driver
[    3.443069] ohci-platform: OHCI generic platform driver
[    3.444540] uhci_hcd: USB Universal Host Controller Interface driver
[    3.446380] i8042: PNP: PS/2 Controller [PNP0303:PS2K,PNP0f03:PS2M] at 0x60,0x64 irq 1,12
[    3.450744] serio: i8042 KBD port at 0x60,0x64 irq 1
[    3.451630] serio: i8042 AUX port at 0x60,0x64 irq 12
[    3.455370] mousedev: PS/2 mouse device common for all mice
[    3.462443] rtc_cmos rtc_cmos: rtc core: registered rtc_cmos as rtc0
[    3.464468] rtc_cmos rtc_cmos: alarms up to one day, 114 bytes nvram
[    3.467500] i2c /dev entries driver
[    3.469361] device-mapper: uevent: version 1.0.3
[    3.471914] device-mapper: ioctl: 4.34.0-ioctl (2015-10-28) initialised: dm-devel@redhat.com
[    3.476666] ledtrig-cpu: registered to indicate activity on CPUs
[    3.484886] input: AT Translated Set 2 keyboard as /devices/platform/i8042/serio0/input/input2
[    3.490617] NET: Registered protocol family 10
[    3.497052] NET: Registered protocol family 17
[    3.500075] Key type dns_resolver registered
[    3.504291] registered taskstats version 1
[    3.506854] Loading compiled-in X.509 certificates
[    3.512941] Loaded X.509 cert 'Build time autogenerated kernel key: 97a7db5071cab428e7f67f96f51ed8d32b3fc527'
[    3.515760] zswap: loaded using pool lzo/zbud
[    3.523113] Key type trusted registered
[    3.535607] Key type encrypted registered
[    3.536353] AppArmor: AppArmor sha1 policy hashing enabled
[    3.541043] ima: No TPM chip found, activating TPM-bypass!
[    3.543295] evm: HMAC attrs: 0x1
[    3.545919]   Magic number: 3:989:896
[    3.547310] rtc_cmos rtc_cmos: setting system clock to 2019-01-25 17:51:08 UTC (1548438668)
[    3.550840] BIOS EDD facility v0.16 2004-Jun-25, 0 devices found
[    3.555349] EDD information not available.
[    3.574377] Freeing unused kernel memory: 1508K
[    3.575460] Write protecting the kernel read-only data: 14336k
[    3.580869] Freeing unused kernel memory: 1696K
[    3.583328] Freeing unused kernel memory: 100K
Loading, please wait...
starting version[    3.607803] random: systemd-udevd: uninitialized urandom read (16 bytes read, 3 bits of entropy available)
 229
[    3.608036] random: udevadm: uninitialized urandom read (16 bytes read, 3 bits of entropy available)
[    3.608050] random: udevadm: uninitialized urandom read (16 bytes read, 3 bits of entropy available)
[    3.621649] random: udevadm: uninitialized urandom read (16 bytes read, 3 bits of entropy available)
[    3.621683] random: udevadm: uninitialized urandom read (16 bytes read, 3 bits of entropy available)
[    3.621795] random: udevadm: uninitialized urandom read (16 bytes read, 3 bits of entropy available)
[    3.621834] random: udevadm: uninitialized urandom read (16 bytes read, 3 bits of entropy available)
[    3.621873] random: udevadm: uninitialized urandom read (16 bytes read, 3 bits of entropy available)
[    3.621919] random: udevadm: uninitialized urandom read (16 bytes read, 3 bits of entropy available)
[    3.621956] random: udevadm: uninitialized urandom read (16 bytes read, 3 bits of entropy available)
[    3.713576] e1000: Intel(R) PRO/1000 Network Driver - version 7.3.21-k8-NAPI
[    3.715037] e1000: Copyright (c) 1999-2006 Intel Corporation.
[    3.719835] Fusion MPT base driver 3.04.20
[    3.724659] Copyright (c) 1999-2008 LSI Corporation
[    3.746755] AVX2 version of gcm_enc/dec engaged.
[    3.759381] AES CTR mode by8 optimization enabled
[    3.762905] Fusion MPT SPI Host driver 3.04.20
[    3.943191] input: ImExPS/2 Generic Explorer Mouse as /devices/platform/i8042/serio1/input/input4
[    4.156735] e1000 0000:00:03.0 eth0: (PCI:33MHz:32-bit) 02:ac:a2:c8:15:3b
[    4.167014] e1000 0000:00:03.0 eth0: Intel(R) PRO/1000 Network Connection
[    4.252644] tsc: Refined TSC clocksource calibration: 3793.999 MHz
[    4.255237] clocksource: tsc: mask: 0xffffffffffffffff max_cycles: 0x6d60664cd9a, max_idle_ns: 881590565696 ns
[    4.575509] e1000 0000:00:08.0 eth1: (PCI:33MHz:32-bit) 08:00:27:0c:b4:ff
[    4.579055] e1000 0000:00:08.0 eth1: Intel(R) PRO/1000 Network Connection
[    4.583443] e1000 0000:00:08.0 enp0s8: renamed from eth1
[    4.585327] mptbase: ioc0: Initiating bringup
[    4.597442] e1000 0000:00:03.0 enp0s3: renamed from eth0
[    4.691756] ioc0: LSI53C1030 A0: Capabilities={Initiator}
[    5.124206] scsi host2: ioc0: LSI53C1030 A0, FwRev=00000000h, Ports=1, MaxQ=256, IRQ=20
[    5.365754] scsi 2:0:0:0: Direct-Access     VBOX     HARDDISK         1.0  PQ: 0 ANSI: 5
[    5.369217] scsi target2:0:0: Beginning Domain Validation
[    5.372312] scsi target2:0:0: Domain Validation skipping write tests
[    5.378509] scsi target2:0:0: Ending Domain Validation
[    5.381262] scsi target2:0:0: asynchronous
[    5.391212] scsi 2:0:1:0: Direct-Access     VBOX     HARDDISK         1.0  PQ: 0 ANSI: 5
[    5.419910] scsi target2:0:1: Beginning Domain Validation
[    5.423122] scsi target2:0:1: Domain Validation skipping write tests
[    5.427605] scsi target2:0:1: Ending Domain Validation
[    5.430103] scsi target2:0:1: asynchronous
[    5.463673] sd 2:0:0:0: Attached scsi generic sg0 type 0
[    5.466152] sd 2:0:0:0: [sda] 20971520 512-byte logical blocks: (10.7 GB/10.0 GiB)
[    5.466294] sd 2:0:1:0: [sdb] 20480 512-byte logical blocks: (10.5 MB/10.0 MiB)
[    5.466613] sd 2:0:1:0: [sdb] Write Protect is off
[    5.466971] sd 2:0:1:0: [sdb] Incomplete mode parameter data
[    5.466972] sd 2:0:1:0: [sdb] Assuming drive cache: write through
[    5.467595] sd 2:0:1:0: Attached scsi generic sg1 type 0
[    5.490541] sd 2:0:0:0: [sda] Write Protect is off
[    5.497920] sd 2:0:0:0: [sda] Incomplete mode parameter data
[    5.501526] sd 2:0:1:0: [sdb] Attached SCSI disk
[    5.505366] sd 2:0:0:0: [sda] Assuming drive cache: write through
[    5.541328]  sda: sda1
[    5.551865] sd 2:0:0:0: [sda] Attached SCSI disk
Begin: Loading essential drivers ... [    7.106821] md: linear personality registered for level -1
[    7.112947] md: multipath personality registered for level -4
[    7.123881] md: raid0 personality registered for level 0
[    7.136598] md: raid1 personality registered for level 1
[    7.212643] raid6: sse2x1   gen() 12882 MB/s
[    7.285330] raid6: sse2x1   xor()  7425 MB/s
[    7.353237] raid6: sse2x2   gen() 13990 MB/s
[    7.425373] raid6: sse2x2   xor()  9660 MB/s
[    7.497698] raid6: sse2x4   gen() 12337 MB/s
[    7.572470] raid6: sse2x4   xor() 11011 MB/s
[    7.644084] raid6: avx2x1   gen() 22459 MB/s
[    7.712824] raid6: avx2x2   gen() 18951 MB/s
[    7.780807] raid6: avx2x4   gen() 24624 MB/s
[    7.782294] raid6: using algorithm avx2x4 gen() 24624 MB/s
[    7.789042] raid6: using avx2x2 recovery algorithm
[    7.792986] xor: automatically using best checksumming function:
[    7.832459]    avx       : 22335.000 MB/sec
[    7.852027] async_tx: api initialized (async)
[    7.875833] md: raid6 personality registered for level 6
[    7.877132] md: raid5 personality registered for level 5
[    7.880289] md: raid4 personality registered for level 4
[    7.892675] md: raid10 personality registered for level 10
done.
Begin: Running /scripts/init-premount ... done.
Begin: Mounting root file system ... Begin: Running /scripts/local-top ... done.
Begin: Running /scripts/local-premount ... [    7.953865] Btrfs loaded
Scanning for Btrfs filesystems
done.
Warning: fsck not present, so skipping root file system
[    8.044283] EXT4-fs (sda1): INFO: recovery required on readonly filesystem
[    8.052229] EXT4-fs (sda1): write access will be enabled during recovery
[    8.576955] EXT4-fs (sda1): recovery complete
[    8.579510] EXT4-fs (sda1): mounted filesystem with ordered data mode. Opts: (null)
done.
Begin: Running /scripts/local-bottom ... done.
Begin: Running /scripts/init-bottom ... done.
[    9.078546] random: nonblocking pool is initialized
[    9.201764] systemd[1]: systemd 229 running in system mode. (+PAM +AUDIT +SELINUX +IMA +APPARMOR +SMACK +SYSVINIT +UTMP +LIBCRYPTSETUP +GCRYPT +GNUTLS +ACL +XZ -LZ4 +SECCOMP +BLKID +ELFUTILS +KMOD -IDN)
[    9.208129] systemd[1]: Detected virtualization oracle.
[    9.212993] systemd[1]: Detected architecture x86-64.

Welcome to [1mUbuntu 16.04.4 LTS[0m!

[    9.343587] systemd[1]: Set hostname to <manager>.
[   10.053260] systemd[1]: Started Forward Password Requests to Wall Directory Watch.
[[0;32m  OK  [0m] Started Forward Password Requests to Wall Directory Watch.
[   10.068647] systemd[1]: Set up automount Arbitrary Executable File Formats File System Automount Point.
[[0;32m  OK  [0m] Set up automount Arbitrary Executab...ats File System Automount Point.
[   10.074491] systemd[1]: Listening on Journal Socket.
[[0;32m  OK  [0m] Listening on Journal Socket.
[   10.088941] systemd[1]: Listening on udev Kernel Socket.
[[0;32m  OK  [0m] Listening on udev Kernel Socket.
[   10.096766] systemd[1]: Listening on udev Control Socket.
[[0;32m  OK  [0m] Listening on udev Control Socket.
[   10.103595] systemd[1]: Listening on Journal Socket (/dev/log).
[[0;32m  OK  [0m] Listening on Journal Socket (/dev/log).
[   10.108158] systemd[1]: Created slice System Slice.
[[0;32m  OK  [0m] Created slice System Slice.
[   10.117204] systemd[1]: Created slice system-serial\x2dgetty.slice.
[[0;32m  OK  [0m] Created slice system-serial\x2dgetty.slice.
[   10.140747] systemd[1]: Starting Set console keymap...
         Starting Set console keymap...
[   10.160956] systemd[1]: Listening on LVM2 metadata daemon socket.
[[0;32m  OK  [0m] Listening on LVM2 metadata daemon socket.
[   10.189412] systemd[1]: Mounting POSIX Message Queue File System...
         Mounting POSIX Message Queue File System...
[   10.194129] systemd[1]: Starting Uncomplicated firewall...
         Starting Uncomplicated firewall...
[   10.195810] systemd[1]: Listening on LVM2 poll daemon socket.
[[0;32m  OK  [0m] Listening on LVM2 poll daemon socket.
[   10.203407] systemd[1]: Listening on Journal Audit Socket.
[[0;32m  OK  [0m] Listening on Journal Audit Socket.
[   10.208225] systemd[1]: Starting Remount Root and Kernel File Systems...
         Starting Remount Root and Kernel File Systems...
[   10.217769] systemd[1]: Started Trigger resolvconf update for networkd DNS.
[[0;32m  OK  [0m] Started Trigger resolvconf update for network[   10.221241] EXT4-fs (sda1): re-mounted. Opts: (null)
d DNS.
[   10.229269] systemd[1]: Starting Create list of required static device nodes for the current kernel...
         Starting Create list of required st... nodes for the current kernel...
[   10.241605] systemd[1]: Listening on Device-mapper event daemon FIFOs.
[[0;32m  OK  [0m] Listening on Device-mapper event daemon FIFOs.
[   10.253899] systemd[1]: Starting Monitoring of LVM2 mirrors, snapshots etc. using dmeventd or progress polling...
         Starting Monitoring of LVM2 mirrors... dmeventd or progress polling...
[   10.260410] systemd[1]: Listening on Syslog Socket.
[[0;32m  OK  [0m] Listening on Syslog Socket.
[   10.297541] systemd[1]: Starting Load Kernel Modules...
         Starting Load Kernel Modules...
[   10.303412] systemd[1]: Created slice User and Session Slice.
[[0;32m  OK  [0m] Created slice User and Session Slice.
[   10.315993] systemd[1]: Reached target Slices.
[[0;32m  OK  [0m] Reached target Slices.
[   10.319417] systemd[1]: Reached target Encrypted Volumes.
[[0;32m  OK  [0m] Reached target Encrypted Volumes.
[   10.328510] systemd[1]: Reached target User and Group Name Lookups.
[[0;32m  OK  [0m] Reached target User and Group Name Lookups.
[   10.333879] systemd[1]: Reached target System Time Synchronized.
[[0;32m  OK  [0m] Reached target System Time Synchronized.
[   10.348975] systemd[1]: Starting Nameserver information manager...
         Starting Nameserver information manager...
[   10.355559] Loading iSCSI transport class v2.0-870.
[   10.361097] systemd[1]: Listening on /dev/initctl Compatibility Named Pipe.
[[0;32m  OK  [0m] Listening on /dev/initctl Compatibility Named Pipe.
[   10.373163] systemd[1]: Reached target Swap.
[[0;32m  OK  [0m] Reached target Swap.
[   10.395705] iscsi: registered transport (tcp)
[   10.400996] systemd[1]: Mounting Debug File System...
         Mounting Debug File System...
[   10.413020] systemd[1]: Starting Journal Service...
         Starting Journal Service...
[   10.421415] systemd[1]: Mounting Huge Pages File System...
         Mounting Huge Pages File System...
[   10.427753] systemd[1]: Mounted Debug File System.
[[0;32m  OK  [0m] Mounted Debug File System.
[   10.433823] systemd[1]: Mounted POSIX Message Queue File System.
[[0;32m  OK  [0m] Mounted POSIX Message Queue File System.
[   10.438525] systemd[1]: Mounted Huge Pages File System.
[[0;32m  OK  [0m] Mounted Huge Pages File System.
[   10.466833] systemd[1]: Started Set console keymap.
[[0;32m  OK  [0m] Started Set console keymap.
[   10.481855] systemd[1]: Started Uncomplicated firewall.
[[0;32m  OK  [0m] Started Uncomplicated firewall.
[   10.487725] iscsi: registered transport (iser)
[   10.488095] systemd[1]: Started Remount Root and Kernel File Systems.
[[0;32m  OK  [0m] Started Remount Root and Kernel File Systems.
[   10.499698] systemd[1]: Started Create list of required static device nodes for the current kernel.
[[0;32m  OK  [0m] Started Create list of required sta...ce nodes for the current kernel.
[   10.517597] systemd[1]: Started Load Kernel Modules.
[[0;32m  OK  [0m] Started Load Kernel Modules.
[   10.539816] systemd[1]: Started Journal Service.
[[0;32m  OK  [0m] Started Journal Service.
[[0;32m  OK  [0m] Started Nameserver information manager.
[[0;32m  OK  [0m] Started LVM2 metadata daemon.
         Mounting FUSE Control File System...
         Starting Apply Kernel Variables...
         Starting Create Static Device Nodes in /dev...
         Starting Load/Save Random Seed...
         Starting udev Coldplug all Devices...
         Starting Flush Journal to Persistent Storage...
         Starting Initial cloud-init job (pre-networking)...
[[0;32m  OK  [0m] Mounted FUSE Control File System.
[[0;32m  OK  [0m] Started Load/Save Random Seed.
[[0;32m  OK  [0m] Started udev Coldplug all Devices.
[[0;32m  OK  [0m] Started Apply Kernel Variables.
[[0;32m  OK  [0m] Started Flush Journal to Persistent Storage.
[[0;32m  OK  [0m] Started Create Static Device Nodes in /dev.
         Starting udev Kernel Device Manager...
[[0;32m  OK  [0m] Started Monitoring of LVM2 mirrors,...ng dmeventd or progress polling.
[[0;32m  OK  [0m] Started udev Kernel Device Manager.
[[0;32m  OK  [0m] Reached target Local File Systems (Pre).
[[0;32m  OK  [0m] Reached target Local File Systems.
         Starting LSB: ebtables ruleset management...
         Starting Set console font and keymap...
         Starting Create Volatile Files and Directories...
         Starting LSB: AppArmor initialization...
         Starting Tell Plymouth To Write Out Runtime Data...
[[0;32m  OK  [0m] Started Dispatch Password Requests to Console Directory Watch.
[[0;32m  OK  [0m] Started Tell Plymouth To Write Out Runtime Data.
[[0;32m  OK  [0m] Started Create Volatile Files and Directories.
         Starting Update UTMP about System Boot/Shutdown...
[[0;32m  OK  [0m] Started Update UTMP about System Boot/Shutdown.
[[0;32m  OK  [0m] Started LSB: ebtables ruleset management.
[[0;32m  OK  [0m] Found device /dev/ttyS0.
[[0;32m  OK  [0m] Found device 82540EM Gigabit Ethern...r (PRO/1000 MT Desktop Adapter).
[[0;32m  OK  [0m] Found device 82540EM Gigabit Ethern...r (PRO/1000 MT Desktop Adapter).
[[0;32m  OK  [0m] Listening on Load/Save RF Kill Switch Status /dev/rfkill Watch.
[[0;32m  OK  [0m] Started LSB: AppArmor initialization.
[[0;32m  OK  [0m] Started Set console font and keymap.
[[0;32m  OK  [0m] Created slice system-getty.slice.
[   13.403159] cloud-init[441]: Cloud-init v. 18.2 running 'init-local' at Fri, 25 Jan 2019 17:51:18 +0000. Up 12.73 seconds.
[[0;32m  OK  [0m] Started Initial cloud-init job (pre-networking).
[[0;32m  OK  [0m] Reached target Network (Pre).
         Starting Raise network interfaces...
[[0;32m  OK  [0m] Started ifup for enp0s8.
[[0;32m  OK  [0m] Started ifup for enp0s3.
[[0;32m  OK  [0m] Started Raise network interfaces.
         Starting Initial cloud-init job (metadata service crawler)...
[[0;32m  OK  [0m] Reached target Network.
[   14.842448] cloud-init[1042]: Cloud-init v. 18.2 running 'init' at Fri, 25 Jan 2019 17:51:19 +0000. Up 14.12 seconds.
[   14.856844] cloud-init[1042]: ci-info: ++++++++++++++++++++++++++++++++++++++Net device info++++++++++++++++++++++++++++++++++++++
[   14.868949] cloud-init[1042]: ci-info: +--------+------+-----------------------------+---------------+-------+-------------------+
[   14.872247] cloud-init[1042]: ci-info: | Device |  Up  |           Address           |      Mask     | Scope |     Hw-Address    |
[   14.885024] cloud-init[1042]: ci-info: +--------+------+-----------------------------+---------------+-------+-------------------+
[[0;32m  OK  [0m] Started Initial cloud-init job (metadata service crawler).
[[0;32m  OK  [0m] Reached target Network is Online.
[   14.894266] cloud-init[1042]: ci-info: | enp0s3 | True |          10.0.2.15          | 255.255.255.0 |   .   | 02:ac:a2:c8:15:3b |
[   14.905672] cloud-init[1042]: ci-info: | enp0s3 | True |  fe80::ac:a2ff:fec8:153b/64 |       .       |  link | 02:ac:a2:c8:15:3b |
[   14.909857] cloud-init[1042]: ci-info: | enp0s8 | True |        192.168.55.100       | 255.255.255.0 |   .   | 08:00:27:0c:b4:ff |
[   14.910502] cloud-init[1042]: ci-info: | enp0s8 | True | fe80::a00:27ff:fe0c:b4ff/64 |       .       |  link | 08:00:27:0c:b4:ff |
[   14.910677] cloud-init[1042]: ci-info: |   lo   | True |          127.0.0.1          |   255.0.0.0   |   .   |         .         |
[   14.910710]          cloud-initStarting iSCSI initiator daemon (iscsid)...[1042]: 
ci-info: |   lo   | True |           ::1/128           |       .       |  host |         .         |
[[   14.910805] cloud-init[1042]: ci-info: +--------+------+-----------------------------+---------------+-------+-------------------+
[   14.938267] cloud-init[1042]: ci-info: ++++++++++++++++++++++++++++Route IPv4 info++++++++++++++++++++++++++++
[0;32m  OK  [0m] Reached target System Initialization.
         Starting Socket activation for snappy daemon.
[[0;32m  OK  [0m] Listening on ACPID Listen Socket.
[[0;32m  OK  [0m] Started Daily Cleanup of Temporary Directories.
[[0;32m  OK  [0m] Listening on D-Bus System Message Bus Socket.
[[0;32m  OK  [0m] Listening on UUID daemon activation socket.
[   14.938860] cloud-init[1042]: ci-info: +-------+--------------+----------+---------------+-----------+-------+
[   15.059975] cloud-init[1042]: ci-info: | Route | Destination  | Gateway  |    Genmask    | Interface | Flags |
[   15.062253] cloud-init[1042]: ci-info: +-------+--------------+----------+---------------+-----------+-------+
[   15.063480] cloud-init[1042]: ci-info: |   0   |   0.0.0.0    | 10.0.2.2 |    0.0.0.0    |   enp0s3  |   UG  |
[   15.067576] cloud-init[1042]: ci-info: |   1   |   10.0.2.0   | 0.0.0.0  | 255.255.255.0 |   enp0s3  |   U   |
[   15.072237] cloud-init[1042]: ci-info: |   2   | 192.168.55.0 | 0.0.0.0  | 255.255.255.0 |   enp0s8  |   U   |
[   15.181239] cloud-init[1042]: ci-info: +-------+--------------+----------+---------------+-----------+-------+
[[0;32m  OK  [0m] Started ACPI Events Check.
[[0;32m  OK  [0m] Reached target Paths.
         Starting Docker Socket for the API.
[[0;32m  OK  [0m] Started Daily apt download activities.
[[0;32m  OK  [0m] Started Daily apt upgrade and clean activities.
[[0;32m  OK  [0m] Reached target Timers.
         Starting LXD - unix socket.
[[0;32m  OK  [0m] Reached target Cloud-config availability.
[[0;32m  OK  [0m] Listening on Socket activation for snappy daemon.
[[0;32m  OK  [0m] Listening on Docker Socket for the API.
[[0;32m  OK  [0m] Listening on LXD - unix socket.
[[0;32m  OK  [0m] Started iSCSI initiator daemon (iscsid).
         Starting Login to default iSCSI targets...
[[0;32m  OK  [0m] Reached target Sockets.
[[0;32m  OK  [0m] Reached target Basic System.
[[0;32m  OK  [0m] Started Regular background program processing daemon.
[[0;32m  OK  [0m] Started FUSE filesystem for LXC.
         Starting Login Service...
         Starting LXD - container startup/shutdown...
         Starting Apply the settings specified in cloud-config...
         Starting LSB: Record successful boot for GRUB...
[[0;32m  OK  [0m] Started Unattended Upgrades Shutdown.
         Starting Accounts Service...
         Starting OpenBSD Secure Shell server...
         Starting Snappy daemon...
         Starting LSB: MD monitoring daemon...
         Starting containerd container runtime...
         Starting System Logging Service...
[[0;32m  OK  [0m] Started kubelet: The Kubernetes Node Agent.
[[0;32m  OK  [0m] Started Deferred execution scheduler.
         Starting Virtualbox guest utils...
[[0;32m  OK  [0m] Started ACPI event daemon.
         Starting /etc/rc.local Compatibility...
[[0;32m  OK  [0m] Started D-Bus System Message Bus.
[   16.189216] cloud-init[1111]: Cloud-init v. 18.2 running 'modules:config' at Fri, 25 Jan 2019 17:51:21 +0000. Up 15.77 seconds.
         Starting Docker Application Container Engine...
[[0;32m  OK  [0m] Started System Logging Service.
[[0;32m  OK  [0m] Started OpenBSD Secure Shell server.
[[0;32m  OK  [0m] Started Apply the settings specified in cloud-config.
[[0;32m  OK  [0m] Started containerd container runtime.
[[0;32m  OK  [0m] Started /etc/rc.local Compatibility.
[[0;32m  OK  [0m] Started Login Service.
         Starting Authenticate and Authorize Users to Run Privileged Tasks...
[[0;32m  OK  [0m] Started LSB: Record successful boot for GRUB.
[[0;32m  OK  [0m] Started Login to default iSCSI targets.
[[0;32m  OK  [0m] Reached target Remote File Systems (Pre).
[[0;32m  OK  [0m] Reached target Remote File Systems.
         Starting LSB: automatic crash report generation...
         Starting LSB: daemon to balance interrupts for SMP systems...
         Starting LSB: Set the CPU Frequency Scaling governor to "ondemand"...
         Starting Permit User Sessions...
[[0;32m  OK  [0m] Started LSB: MD monitoring daemon.
[[0;32m  OK  [0m] Started LSB: Set the CPU Frequency Scaling governor to "ondemand".
[[0;32m  OK  [0m] Started Permit User Sessions.
         Starting Hold until boot process finishes up...
         Starting Terminate Plymouth Boot Screen...
[[0;32m  OK  [0m] Started Hold until boot process finishes up.
         Starting Set console scheme...
[[0;32m  OK  [0m] Started Serial Getty on ttyS0.
[[0;32m  OK  [0m] Started Getty on tty1.
[[0;32m  OK  [0m] Reached target Login Prompts.
[[0;32m  OK  [0m] Started Terminate Plymouth Boot Screen.
[[0;32m  OK  [0m] Started Set console scheme.
[[0;32m  OK  [0m] Started LSB: automatic crash report generation.
[[0;32m  OK  [0m] Started Authenticate and Authorize Users to Run Privileged Tasks.
[[0;32m  OK  [0m] Started LSB: daemon to balance interrupts for SMP systems.
[[0;32m  OK  [0m] Started Accounts Service.
[[0;32m  OK  [0m] Started Virtualbox guest utils.
[[0;32m  OK  [0m] Started Snappy daemon.
[[0;32m  OK  [0m] Started LXD - container startup/shutdown.

Ubuntu 16.04.4 LTS manager ttyS0

manager login: [   24.919841] cloud-init[1573]: Cloud-init v. 18.2 running 'modules:final' at Fri, 25 Jan 2019 17:51:30 +0000. Up 24.56 seconds.
[   24.921261] cloud-init[1573]: Cloud-init v. 18.2 finished at Fri, 25 Jan 2019 17:51:30 +0000. Datasource DataSourceNoCloud [seed=/dev/sdb][dsmode=net].  Up 24.90 seconds
                                                                                                                                                                                                                                                                                                                                                              [[0;32m  OK  [0m] Stopped kubelet: The Kubernetes Node Agent.
[[0;32m  OK  [0m] Started kubelet: The Kubernetes Node Agent.
[[0;32m  OK  [0m] Started ACPI event daemon.
[[0;32m  OK  [0m] Stopped kubelet: The Kubernetes Node Agent.
[[0;32m  OK  [0m] Started kubelet: The Kubernetes Node Agent.
[[0;32m  OK  [0m] Started ACPI event daemon.
[[0;32m  OK  [0m] Started Daily apt upgrade and clean activities.
[[0;32m  OK  [0m] Started Daily apt download activities.
[[0;32m  OK  [0m] Stopped kubelet: The Kubernetes Node Agent.
[[0;32m  OK  [0m] Started kubelet: The Kubernetes Node Agent.
[[0;32m  OK  [0m] Stopped kubelet: The Kubernetes Node Agent.
[[0;32m  OK  [0m] Started kubelet: The Kubernetes Node Agent.
[[0;32m  OK  [0m] Started ACPI event daemon.
[[0;32m  OK  [0m] Started ACPI event daemon.
[[0;32m  OK  [0m] Stopped kubelet: The Kubernetes Node Agent.
[[0;32m  OK  [0m] Started kubelet: The Kubernetes Node Agent.
[[0;32m  OK  [0m] Stopped kubelet: The Kubernetes Node Agent.
[[0;32m  OK  [0m] Started kubelet: The Kubernetes Node Agent.
[[0;32m  OK  [0m] Started ACPI event daemon.
[[0;32m  OK  [0m] Started ACPI event daemon.
[[0;32m  OK  [0m] Started ACPI event daemon.
[  OK  ] Started ACPI event daemon.
[  OK  ] Started Trigger resolvconf update for networkd DNS.
[  OK  ] Started ACPI event daemon.
[  OK  ] Started ACPI event daemon.
[  OK  ] Stopped kubelet: The Kubernetes Node Agent.
[  OK  ] Started kubelet: The Kubernetes Node Agent.
[  OK  ] Stopped kubelet: The Kubernetes Node Agent.
[  OK  ] Started kubelet: The Kubernetes Node Agent.
         Starting Cleanup of Temporary Directories...
[  OK  ] Started Cleanup of Temporary Directories.
[  OK  ] Stopped kubelet: The Kubernetes Node Agent.
[  OK  ] Started kubelet: The Kubernetes Node Agent.
[  OK  ] Stopped kubelet: The Kubernetes Node Agent.
[  OK  ] Started kubelet: The Kubernetes Node Agent.
[  OK  ] Stopped kubelet: The Kubernetes Node Agent.
[  OK  ] Started kubelet: The Kubernetes Node Agent.
[  OK  ] Started ACPI event daemon.
[  OK  ] Stopped kubelet: The Kubernetes Node Agent.
[  OK  ] Started kubelet: The Kubernetes Node Agent.
[  OK  ] Stopped kubelet: The Kubernetes Node Agent.
[  OK  ] Started kubelet: The Kubernetes Node Agent.
[  OK  ] Stopped kubelet: The Kubernetes Node Agent.
[  OK  ] Started kubelet: The Kubernetes Node Agent.
[  OK  ] Started ACPI event daemon.
[  OK  ] Stopped kubelet: The Kubernetes Node Agent.
[  OK  ] Started kubelet: The Kubernetes Node Agent.
[  OK  ] Closed Unix socket for apport crash forwarding.
[  OK  ] Started ACPI event daemon.
         Stopping LSB: automatic crash report generation...
[  OK  ] Stopped LSB: automatic crash report generation.
[  OK  ] Started ACPI event daemon.
[  OK  ] Started ACPI event daemon.
[  OK  ] Stopped kubelet: The Kubernetes Node Agent.
[  OK  ] Started kubelet: The Kubernetes Node Agent.
[  OK  ] Stopped kubelet: The Kubernetes Node Agent.
[  OK  ] Started kubelet: The Kubernetes Node Agent.
[  OK  ] Stopped kubelet: The Kubernetes Node Agent.
[  OK  ] Started kubelet: The Kubernetes Node Agent.
[  OK  ] Stopped kubelet: The Kubernetes Node Agent.
[  OK  ] Started kubelet: The Kubernetes Node Agent.
[  OK  ] Stopped kubelet: The Kubernetes Node Agent.
[  OK  ] Started kubelet: The Kubernetes Node Agent.
[  OK  ] Stopped kubelet: The Kubernetes Node Agent.
[  OK  ] Started kubelet: The Kubernetes Node Agent.
[  OK  ] Stopped kubelet: The Kubernetes Node Agent.
[  OK  ] Started kubelet: The Kubernetes Node Agent.
[  OK  ] Stopped kubelet: The Kubernetes Node Agent.
[  OK  ] Started kubelet: The Kubernetes Node Agent.
[  OK  ] Stopped kubelet: The Kubernetes Node Agent.
[  OK  ] Started kubelet: The Kubernetes Node Agent.
[  OK  ] Stopped kubelet: The Kubernetes Node Agent.
[  OK  ] Started kubelet: The Kubernetes Node Agent.
[  OK  ] Stopped kubelet: The Kubernetes Node Agent.
[  OK  ] Started kubelet: The Kubernetes Node Agent.
[  OK  ] Stopped kubelet: The Kubernetes Node Agent.
[  OK  ] Started kubelet: The Kubernetes Node Agent.
[  OK  ] Stopped kubelet: The Kubernetes Node Agent.
[  OK  ] Started kubelet: The Kubernetes Node Agent.
[  OK  ] Started ACPI event daemon.
[  OK  ] Stopped kubelet: The Kubernetes Node Agent.
[  OK  ] Started kubelet: The Kubernetes Node Agent.
[  OK  ] Started ACPI event daemon.
         Stopping Unattended Upgrades Shutdown...
[  OK  ] Stopped kubelet: The Kubernetes Node Agent.
[  OK  ] Started kubelet: The Kubernetes Node Agent.
[  OK  ] Stopped kubelet: The Kubernetes Node Agent.
[  OK  ] Started kubelet: The Kubernetes Node Agent.
[  OK  ] Stopped kubelet: The Kubernetes Node Agent.
[  OK  ] Started kubelet: The Kubernetes Node Agent.
[  OK  ] Stopped kubelet: The Kubernetes Node Agent.
[  OK  ] Started kubelet: The Kubernetes Node Agent.
[  OK  ] Stopped kubelet: The Kubernetes Node Agent.
[  OK  ] Started kubelet: The Kubernetes Node Agent.
[  OK  ] Stopped kubelet: The Kubernetes Node Agent.
[  OK  ] Started kubelet: The Kubernetes Node Agent.
[  OK  ] Stopped kubelet: The Kubernetes Node Agent.
[  OK  ] Started kubelet: The Kubernetes Node Agent.
[  OK  ] Stopped kubelet: The Kubernetes Node Agent.
[  OK  ] Started kubelet: The Kubernetes Node Agent.
[  OK  ] Stopped kubelet: The Kubernetes Node Agent.
[  OK  ] Started kubelet: The Kubernetes Node Agent.
[  OK  ] Stopped kubelet: The Kubernetes Node Agent.
[  OK  ] Started kubelet: The Kubernetes Node Agent.
[  OK  ] Stopped kubelet: The Kubernetes Node Agent.
[  OK  ] Started kubelet: The Kubernetes Node Agent.
[  OK  ] Stopped kubelet: The Kubernetes Node Agent.
[  OK  ] Started kubelet: The Kubernetes Node Agent.
[  OK  ] Stopped kubelet: The Kubernetes Node Agent.
[  OK  ] Started kubelet: The Kubernetes Node Agent.
[  OK  ] Stopped kubelet: The Kubernetes Node Agent.
[  OK  ] Started kubelet: The Kubernetes Node Agent.
[  OK  ] Stopped kubelet: The Kubernetes Node Agent.
[  OK  ] Started kubelet: The Kubernetes Node Agent.
[  OK  ] Stopped kubelet: The Kubernetes Node Agent.
[  OK  ] Started kubelet: The Kubernetes Node Agent.
[  OK  ] Stopped kubelet: The Kubernetes Node Agent.
[  OK  ] Started kubelet: The Kubernetes Node Agent.
[  OK  ] Stopped kubelet: The Kubernetes Node Agent.
[  OK  ] Started kubelet: The Kubernetes Node Agent.
[  OK  ] Stopped kubelet: The Kubernetes Node Agent.
[  OK  ] Started kubelet: The Kubernetes Node Agent.
[  OK  ] Stopped kubelet: The Kubernetes Node Agent.
[  OK  ] Started kubelet: The Kubernetes Node Agent.
[  OK  ] Stopped kubelet: The Kubernetes Node Agent.
[  OK  ] Started kubelet: The Kubernetes Node Agent.
[  OK  ] Stopped kubelet: The Kubernetes Node Agent.
[  OK  ] Started kubelet: The Kubernetes Node Agent.
[  OK  ] Stopped kubelet: The Kubernetes Node Agent.
[  OK  ] Started kubelet: The Kubernetes Node Agent.
[  OK  ] Stopped kubelet: The Kubernetes Node Agent.
[  OK  ] Started kubelet: The Kubernetes Node Agent.
[  OK  ] Stopped kubelet: The Kubernetes Node Agent.
[  OK  ] Started kubelet: The Kubernetes Node Agent.
[  OK  ] Stopped kubelet: The Kubernetes Node Agent.
[  OK  ] Started kubelet: The Kubernetes Node Agent.
[  OK  ] Stopped kubelet: The Kubernetes Node Agent.
[  OK  ] Started kubelet: The Kubernetes Node Agent.
[  OK  ] Stopped kubelet: The Kubernetes Node Agent.
[  OK  ] Started kubelet: The Kubernetes Node Agent.
[  OK  ] Stopped kubelet: The Kubernetes Node Agent.
[  OK  ] Started kubelet: The Kubernetes Node Agent.
[  OK  ] Stopped kubelet: The Kubernetes Node Agent.
[  OK  ] Started kubelet: The Kubernetes Node Agent.
[  OK  ] Stopped kubelet: The Kubernetes Node Agent.
[  OK  ] Started kubelet: The Kubernetes Node Agent.
[  OK  ] Stopped kubelet: The Kubernetes Node Agent.
[  OK  ] Started kubelet: The Kubernetes Node Agent.
[  OK  ] Stopped kubelet: The Kubernetes Node Agent.
[  OK  ] Started kubelet: The Kubernetes Node Agent.
[  OK  ] Stopped kubelet: The Kubernetes Node Agent.
[  OK  ] Started kubelet: The Kubernetes Node Agent.
[  OK  ] Stopped kubelet: The Kubernetes Node Agent.
[  OK  ] Started kubelet: The Kubernetes Node Agent.
[  OK  ] Stopped kubelet: The Kubernetes Node Agent.
[  OK  ] Started kubelet: The Kubernetes Node Agent.
[  OK  ] Stopped kubelet: The Kubernetes Node Agent.
[  OK  ] Started kubelet: The Kubernetes Node Agent.
[  OK  ] Stopped kubelet: The Kubernetes Node Agent.
[  OK  ] Started kubelet: The Kubernetes Node Agent.
[  OK  ] Stopped kubelet: The Kubernetes Node Agent.
[  OK  ] Started kubelet: The Kubernetes Node Agent.
[  OK  ] Stopped kubelet: The Kubernetes Node Agent.
[  OK  ] Started kubelet: The Kubernetes Node Agent.
[  OK  ] Stopped kubelet: The Kubernetes Node Agent.
[  OK  ] Started kubelet: The Kubernetes Node Agent.
[  OK  ] Stopped kubelet: The Kubernetes Node Agent.
[  OK  ] Started kubelet: The Kubernetes Node Agent.
[  OK  ] Stopped kubelet: The Kubernetes Node Agent.
[  OK  ] Started kubelet: The Kubernetes Node Agent.
[  OK  ] Stopped kubelet: The Kubernetes Node Agent.
[  OK  ] Started kubelet: The Kubernetes Node Agent.
[  OK  ] Stopped kubelet: The Kubernetes Node Agent.
[  OK  ] Started kubelet: The Kubernetes Node Agent.
[  OK  ] Stopped kubelet: The Kubernetes Node Agent.
[  OK  ] Started kubelet: The Kubernetes Node Agent.
[  OK  ] Stopped kubelet: The Kubernetes Node Agent.
[  OK  ] Started kubelet: The Kubernetes Node Agent.
[  OK  ] Stopped kubelet: The Kubernetes Node Agent.
[  OK  ] Started kubelet: The Kubernetes Node Agent.
[  OK  ] Stopped Unattended Upgrades Shutdown.
[  OK  ] Started ACPI event daemon.
[  OK  ] Stopped kubelet: The Kubernetes Node Agent.
[  OK  ] Started kubelet: The Kubernetes Node Agent.
[  OK  ] Started ACPI event daemon.
[  OK  ] Stopped kubelet: The Kubernetes Node Agent.
[  OK  ] Started kubelet: The Kubernetes Node Agent.
[  OK  ] Stopped kubelet: The Kubernetes Node Agent.
[  OK  ] Started kubelet: The Kubernetes Node Agent.
[  OK  ] Stopped kubelet: The Kubernetes Node Agent.
[  OK  ] Started kubelet: The Kubernetes Node Agent.
The Kubernetes Node Agent.
[  OK  ] Started kubelet: The Kubernetes Node Agent.
[  OK  ] Stopped kubelet: The Kubernetes Node Agent.
[  OK  ] Started kubelet: The Kubernetes Node Agent.
[  OK  ] Stopped kubelet: The Kubernetes Node Agent.
[  OK  ] Started kubelet: The Kubernetes Node Agent.
[  OK  ] Stopped kubelet: The Kubernetes Node Agent.
[  OK  ] Started kubelet: The Kubernetes Node Agent.
[  OK  ] Stopped kubelet: The Kubernetes Node Agent.
[  OK  ] Started kubelet: The Kubernetes Node Agent.
OK  ] Started ACPI event daemon.
[  OK  ] Stopped kubelet: The Kubernetes Node Agent.
[  OK  ] Started kubelet: The Kubernetes Node Agent.
[  OK  ] Stopped kubelet: The Kubernetes Node Agent.
[  OK  ] Started kubelet: The Kubernetes Node Agent.
[  OK  ] Stopped kubelet: The Kubernetes Node Agent.
[  OK  ] Started kubelet: The Kubernetes Node Agent.
[  OK  ] Started ACPI event daemon.
[  OK  ] Started ACPI event daemon.
         Stopping udev Kernel Device Manager...
[  OK  ] Stopped udev Kernel Device Manager.
         Starting udev Kernel Device Manager...
[  OK  ] Started udev Kernel Device Manager.
[  OK  ] Started ACPI event daemon.
[  OK  ] Stopped kubelet: The Kubernetes Node Agent.
[  OK  ] Started kubelet: The Kubernetes Node Agent.
[  OK  ] Stopped kubelet: The Kubernetes Node Agent.
[  OK  ] Started kubelet: The Kubernetes Node Agent.
[  OK  ] Stopped kubelet: The Kubernetes Node Agent.
[  OK  ] Started kubelet: The Kubernetes Node Agent.
[  OK  ] Stopped kubelet: The Kubernetes Node Agent.
[  OK  ] Started kubelet: The Kubernetes Node Agent.
[  OK  ] Stopped kubelet: The Kubernetes Node Agent.
[  OK  ] Started kubelet: The Kubernetes Node Agent.
[  OK  ] Stopped kubelet: The Kubernetes Node Agent.
[  OK  ] Started kubelet: The Kubernetes Node Agent.
[  OK  ] Started ACPI event daemon.
[  OK  ] Stopped kubelet: The Kubernetes Node Agent.
[  OK  ] Started kubelet: The Kubernetes Node Agent.
[  OK  ] Stopped kubelet: The Kubernetes Node Agent.
[  OK  ] Started kubelet: The Kubernetes Node Agent.
[  OK  ] Started ACPI event daemon.
[  OK  ] Started ACPI event daemon.
         Stopping OpenBSD Secure Shell server...
[  OK  ] Stopped OpenBSD Secure Shell server.
         Starting OpenBSD Secure Shell server...
[  OK  ] Started OpenBSD Secure Shell server.
[  OK  ] Stopped kubelet: The Kubernetes Node Agent.
[  OK  ] Started kubelet: The Kubernetes Node Agent.
[  OK  ] Started ACPI event daemon.
[  OK  ] Started ACPI event daemon.
         Starting LSB: automatic crash report generation...
[  OK  ] Started LSB: automatic crash report generation.
[  OK  ] Started ACPI event daemon.
[  OK  ] Stopped kubelet: The Kubernetes Node Agent.
[  OK  ] Started kubelet: The Kubernetes Node Agent.
[  OK  ] Stopped kubelet: The Kubernetes Node Agent.
[  OK  ] Started kubelet: The Kubernetes Node Agent.
[  OK  ] Stopped kubelet: The Kubernetes Node Agent.
[  OK  ] Started kubelet: The Kubernetes Node Agent.
[  OK  ] Stopped kubelet: The Kubernetes Node Agent.
[  OK  ] Started kubelet: The Kubernetes Node Agent.
[  OK  ] Stopped kubelet: The Kubernetes Node Agent.
[  OK  ] Started kubelet: The Kubernetes Node Agent.
[  OK  ] Stopped kubelet: The Kubernetes Node Agent.
[  OK  ] Started kubelet: The Kubernetes Node Agent.
[  OK  ] Stopped kubelet: The Kubernetes Node Agent.
[  OK  ] Started kubelet: The Kubernetes Node Agent.
[  OK  ] Stopped kubelet: The Kubernetes Node Agent.
[  OK  ] Started kubelet: The Kubernetes Node Agent.
[  OK  ] Stopped kubelet: The Kubernetes Node Agent.
[  OK  ] Started kubelet: The Kubernetes Node Agent.
[  OK  ] Stopped kubelet: The Kubernetes Node Agent.
[  OK  ] Started kubelet: The Kubernetes Node Agent.
[  OK  ] Stopped kubelet: The Kubernetes Node Agent.
[  OK  ] Started kubelet: The Kubernetes Node Agent.
